2017-05-17 19:21:03.859  INFO 9780 --- [main] com.neil.medical.MedicalMatching         : Starting MedicalMatching v0.1.0-SNAPSHOT on SSC1-W419 with PID 9780 (D:\project\meidcal\install\medical.jar started by nhu in D:\project\meidcal\install)
2017-05-17 19:21:03.867 DEBUG 9780 --- [main] com.neil.medical.MedicalMatching         : Running with Spring Boot v1.5.2.RELEASE, Spring v4.3.7.RELEASE
2017-05-17 19:21:03.870  INFO 9780 --- [main] com.neil.medical.MedicalMatching         : No active profile set, falling back to default profiles: default
2017-05-17 19:21:04.103  INFO 9780 --- [main] ationConfigEmbeddedWebApplicationContext : Refreshing org.springframework.boot.context.embedded.AnnotationConfigEmbeddedWebApplicationContext@30946e09: startup date [Wed May 17 19:21:04 CST 2017]; root of context hierarchy
2017-05-17 19:21:05.656  INFO 9780 --- [main] o.s.i.config.IntegrationRegistrar        : No bean named 'integrationHeaderChannelRegistry' has been explicitly defined. Therefore, a default DefaultHeaderChannelRegistry will be created.
2017-05-17 19:21:07.141  INFO 9780 --- [main] faultConfiguringBeanFactoryPostProcessor : No bean named 'errorChannel' has been explicitly defined. Therefore, a default PublishSubscribeChannel will be created.
2017-05-17 19:21:07.159  INFO 9780 --- [main] faultConfiguringBeanFactoryPostProcessor : No bean named 'taskScheduler' has been explicitly defined. Therefore, a default ThreadPoolTaskScheduler will be created.
2017-05-17 19:21:07.777  INFO 9780 --- [main] trationDelegate$BeanPostProcessorChecker : Bean 'org.springframework.ws.config.annotation.DelegatingWsConfiguration' of type [org.springframework.ws.config.annotation.DelegatingWsConfiguration$$EnhancerBySpringCGLIB$$6614e035] is not eligible for getting processed by all BeanPostProcessors (for example: not eligible for auto-proxying)
2017-05-17 19:21:07.879  INFO 9780 --- [main] .w.s.a.s.AnnotationActionEndpointMapping : Supporting [WS-Addressing August 2004, WS-Addressing 1.0]
2017-05-17 19:21:08.092  INFO 9780 --- [main] trationDelegate$BeanPostProcessorChecker : Bean 'integrationGlobalProperties' of type [org.springframework.beans.factory.config.PropertiesFactoryBean] is not eligible for getting processed by all BeanPostProcessors (for example: not eligible for auto-proxying)
2017-05-17 19:21:08.120  INFO 9780 --- [main] trationDelegate$BeanPostProcessorChecker : Bean 'integrationGlobalProperties' of type [java.util.Properties] is not eligible for getting processed by all BeanPostProcessors (for example: not eligible for auto-proxying)
2017-05-17 19:21:10.371  INFO 9780 --- [main] s.b.c.e.t.TomcatEmbeddedServletContainer : Tomcat initialized with port(s): 8080 (http)
2017-05-17 19:21:10.404  INFO 9780 --- [main] o.apache.catalina.core.StandardService   : Starting service Tomcat
2017-05-17 19:21:10.411  INFO 9780 --- [main] org.apache.catalina.core.StandardEngine  : Starting Servlet Engine: Apache Tomcat/8.5.11
2017-05-17 19:21:10.784  INFO 9780 --- [localhost-startStop-1] o.a.c.c.C.[Tomcat].[localhost].[/]       : Initializing Spring embedded WebApplicationContext
2017-05-17 19:21:10.834  INFO 9780 --- [localhost-startStop-1] o.s.web.context.ContextLoader            : Root WebApplicationContext: initialization completed in 6736 ms
2017-05-17 19:21:11.201  INFO 9780 --- [localhost-startStop-1] o.s.b.w.servlet.ServletRegistrationBean  : Mapping servlet: 'dispatcherServlet' to [/]
2017-05-17 19:21:11.209  INFO 9780 --- [localhost-startStop-1] o.s.b.w.servlet.ServletRegistrationBean  : Mapping servlet: 'messageDispatcherServlet' to [/services/*]
2017-05-17 19:21:11.251  INFO 9780 --- [localhost-startStop-1] o.s.b.w.servlet.FilterRegistrationBean   : Mapping filter: 'characterEncodingFilter' to: [/*]
2017-05-17 19:21:11.256  INFO 9780 --- [localhost-startStop-1] o.s.b.w.servlet.FilterRegistrationBean   : Mapping filter: 'hiddenHttpMethodFilter' to: [/*]
2017-05-17 19:21:11.257  INFO 9780 --- [localhost-startStop-1] o.s.b.w.servlet.FilterRegistrationBean   : Mapping filter: 'httpPutFormContentFilter' to: [/*]
2017-05-17 19:21:11.258  INFO 9780 --- [localhost-startStop-1] o.s.b.w.servlet.FilterRegistrationBean   : Mapping filter: 'requestContextFilter' to: [/*]
2017-05-17 19:21:12.432  INFO 9780 --- [main] org.mongodb.driver.cluster               : Cluster created with settings {hosts=[localhost:27017], mode=SINGLE, requiredClusterType=UNKNOWN, serverSelectionTimeout='30000 ms', maxWaitQueueSize=500}
2017-05-17 19:21:12.706  INFO 9780 --- [cluster-ClusterId{value='591c3228ecee332634bf7557', description='null'}-localhost:27017] org.mongodb.driver.connection            : Opened connection [connectionId{localValue:1, serverValue:3}] to localhost:27017
2017-05-17 19:21:12.713  INFO 9780 --- [cluster-ClusterId{value='591c3228ecee332634bf7557', description='null'}-localhost:27017] org.mongodb.driver.cluster               : Monitor thread successfully connected to server with description ServerDescription{address=localhost:27017, type=STANDALONE, state=CONNECTED, ok=true, version=ServerVersion{versionList=[3, 4, 3]}, minWireVersion=0, maxWireVersion=5, maxDocumentSize=16777216, roundTripTimeNanos=1255251}
2017-05-17 19:21:14.112  INFO 9780 --- [main] o.s.s.c.ThreadPoolTaskScheduler          : Initializing ExecutorService  'taskScheduler'
2017-05-17 19:21:14.811  INFO 9780 --- [main] s.w.s.m.m.a.RequestMappingHandlerAdapter : Looking for @ControllerAdvice: org.springframework.boot.context.embedded.AnnotationConfigEmbeddedWebApplicationContext@30946e09: startup date [Wed May 17 19:21:04 CST 2017]; root of context hierarchy
2017-05-17 19:21:14.967  INFO 9780 --- [main] s.w.s.m.m.a.RequestMappingHandlerMapping : Mapped "{[/login],methods=[POST]}" onto public com.alibaba.fastjson.JSONObject com.neil.medical.controller.LoginController.login(com.alibaba.fastjson.JSONObject)
2017-05-17 19:21:14.974  INFO 9780 --- [main] s.w.s.m.m.a.RequestMappingHandlerMapping : Mapped "{[/]}" onto public org.springframework.web.servlet.ModelAndView com.neil.medical.controller.MedicalController.home()
2017-05-17 19:21:14.975  INFO 9780 --- [main] s.w.s.m.m.a.RequestMappingHandlerMapping : Mapped "{[/medicals/inbound/{code}/{timespan}]}" onto public java.util.List<com.alibaba.fastjson.JSONObject> com.neil.medical.controller.MedicalController.inboundRecords(java.lang.String,java.lang.String)
2017-05-17 19:21:14.977  INFO 9780 --- [main] s.w.s.m.m.a.RequestMappingHandlerMapping : Mapped "{[/medicals],methods=[POST]}" onto public com.alibaba.fastjson.JSONObject com.neil.medical.controller.MedicalController.medicalInbound(com.neil.medical.pojo.MedicalList)
2017-05-17 19:21:14.979  INFO 9780 --- [main] s.w.s.m.m.a.RequestMappingHandlerMapping : Mapped "{[/medicals/outbound/{code}/{timespan}]}" onto public java.util.List<com.alibaba.fastjson.JSONObject> com.neil.medical.controller.MedicalController.outboundRecords(java.lang.String,java.lang.String)
2017-05-17 19:21:14.985  INFO 9780 --- [main] s.w.s.m.m.a.RequestMappingHandlerMapping : Mapped "{[/medicals],methods=[GET]}" onto public com.neil.medical.pojo.MedicalList com.neil.medical.controller.MedicalController.medicals()
2017-05-17 19:21:14.988  INFO 9780 --- [main] s.w.s.m.m.a.RequestMappingHandlerMapping : Mapped "{[/intake/miss],methods=[POST]}" onto public com.alibaba.fastjson.JSONObject com.neil.medical.controller.PrisonIntakeController.updateCheckedRecords(com.alibaba.fastjson.JSONArray)
2017-05-17 19:21:14.990  INFO 9780 --- [main] s.w.s.m.m.a.RequestMappingHandlerMapping : Mapped "{[/intake/miss]}" onto public java.util.List<com.alibaba.fastjson.JSONObject> com.neil.medical.controller.PrisonIntakeController.findMissIntakeRecording()
2017-05-17 19:21:14.994  INFO 9780 --- [main] s.w.s.m.m.a.RequestMappingHandlerMapping : Mapped "{[/intake/{code}/{timespan}]}" onto public java.util.List<com.alibaba.fastjson.JSONObject> com.neil.medical.controller.PrisonIntakeController.findIntakeRecording(java.lang.String,java.lang.String)
2017-05-17 19:21:14.996  INFO 9780 --- [main] s.w.s.m.m.a.RequestMappingHandlerMapping : Mapped "{[/inmate/intake/{code}],methods=[POST]}" onto public com.alibaba.fastjson.JSONObject com.neil.medical.controller.PrisonIntakeController.inmateMedicalIntake(java.lang.String,java.util.List<com.alibaba.fastjson.JSONObject>)
2017-05-17 19:21:15.002  INFO 9780 --- [main] s.w.s.m.m.a.RequestMappingHandlerMapping : Mapped "{[/inmate/medical],methods=[POST]}" onto public com.alibaba.fastjson.JSONObject com.neil.medical.controller.PrisonMedicalController.inmateMedicalInfo(java.util.List<com.neil.medical.pojo.PrisonMedicalInfo>)
2017-05-17 19:21:15.005  INFO 9780 --- [main] s.w.s.m.m.a.RequestMappingHandlerMapping : Mapped "{[/inmate/medical/{code}],methods=[GET]}" onto public java.util.List<com.alibaba.fastjson.JSONObject> com.neil.medical.controller.PrisonMedicalController.getPrisonMedicalInfo(java.lang.String)
2017-05-17 19:21:15.011  INFO 9780 --- [main] s.w.s.m.m.a.RequestMappingHandlerMapping : Mapped "{[/error]}" onto public org.springframework.http.ResponseEntity<java.util.Map<java.lang.String, java.lang.Object>> org.springframework.boot.autoconfigure.web.BasicErrorController.error(javax.servlet.http.HttpServletRequest)
2017-05-17 19:21:15.019  INFO 9780 --- [main] s.w.s.m.m.a.RequestMappingHandlerMapping : Mapped "{[/error],produces=[text/html]}" onto public org.springframework.web.servlet.ModelAndView org.springframework.boot.autoconfigure.web.BasicErrorController.errorHtml(javax.servlet.http.HttpServletRequest,javax.servlet.http.HttpServletResponse)
2017-05-17 19:21:15.082  INFO 9780 --- [main] o.s.w.s.handler.SimpleUrlHandlerMapping  : Mapped URL path [/img/head/*.png] onto handler of type [class org.springframework.web.servlet.resource.ResourceHttpRequestHandler]
2017-05-17 19:21:15.083  INFO 9780 --- [main] o.s.w.s.handler.SimpleUrlHandlerMapping  : Mapped URL path [/webjars/**] onto handler of type [class org.springframework.web.servlet.resource.ResourceHttpRequestHandler]
2017-05-17 19:21:15.085  INFO 9780 --- [main] o.s.w.s.handler.SimpleUrlHandlerMapping  : Mapped URL path [/**] onto handler of type [class org.springframework.web.servlet.resource.ResourceHttpRequestHandler]
2017-05-17 19:21:15.161  INFO 9780 --- [main] o.s.w.s.handler.SimpleUrlHandlerMapping  : Mapped URL path [/**/favicon.ico] onto handler of type [class org.springframework.web.servlet.resource.ResourceHttpRequestHandler]
2017-05-17 19:21:15.236  INFO 9780 --- [main] oConfiguration$WelcomePageHandlerMapping : Adding welcome page: class path resource [static/index.html]
2017-05-17 19:21:16.304  INFO 9780 --- [main] o.s.j.e.a.AnnotationMBeanExporter        : Registering beans for JMX exposure on startup
2017-05-17 19:21:16.326  INFO 9780 --- [main] o.s.c.support.DefaultLifecycleProcessor  : Starting beans in phase -2147483648
2017-05-17 19:21:16.350  INFO 9780 --- [main] o.s.i.endpoint.EventDrivenConsumer       : Adding {transformer:videoRename.fileToStringTransformer.transformer} as a subscriber to the 'fileInputChannel' channel
2017-05-17 19:21:16.388  INFO 9780 --- [main] o.s.integration.channel.DirectChannel    : Channel 'application.fileInputChannel' has 1 subscriber(s).
2017-05-17 19:21:16.401  INFO 9780 --- [main] o.s.i.endpoint.EventDrivenConsumer       : started videoRename.fileToStringTransformer.transformer
2017-05-17 19:21:16.419  INFO 9780 --- [main] o.s.i.endpoint.EventDrivenConsumer       : Adding {message-handler:videoRename.fileWritingMessageHandler.serviceActivator} as a subscriber to the 'processFileChannel' channel
2017-05-17 19:21:16.423  INFO 9780 --- [main] o.s.integration.channel.DirectChannel    : Channel 'application.processFileChannel' has 1 subscriber(s).
2017-05-17 19:21:16.453  INFO 9780 --- [main] o.s.i.endpoint.EventDrivenConsumer       : started videoRename.fileWritingMessageHandler.serviceActivator
2017-05-17 19:21:16.476  INFO 9780 --- [main] o.s.c.support.DefaultLifecycleProcessor  : Starting beans in phase 0
2017-05-17 19:21:16.488  INFO 9780 --- [main] o.s.i.endpoint.EventDrivenConsumer       : Adding {logging-channel-adapter:_org.springframework.integration.errorLogger} as a subscriber to the 'errorChannel' channel
2017-05-17 19:21:16.502  INFO 9780 --- [main] o.s.i.channel.PublishSubscribeChannel    : Channel 'application.errorChannel' has 1 subscriber(s).
2017-05-17 19:21:16.543  INFO 9780 --- [main] o.s.i.endpoint.EventDrivenConsumer       : started _org.springframework.integration.errorLogger
2017-05-17 19:21:16.573  INFO 9780 --- [main] o.s.i.e.SourcePollingChannelAdapter      : started videoRename.fileReadingMessageSource.inboundChannelAdapter
2017-05-17 19:21:16.817  INFO 9780 --- [main] s.b.c.e.t.TomcatEmbeddedServletContainer : Tomcat started on port(s): 8080 (http)
2017-05-17 19:21:16.866  INFO 9780 --- [main] com.neil.medical.MedicalMatching         : Started MedicalMatching in 13.872 seconds (JVM running for 15.525)
2017-05-17 19:21:23.849  INFO 9780 --- [http-nio-8080-exec-1] o.a.c.c.C.[Tomcat].[localhost].[/]       : Initializing Spring FrameworkServlet 'dispatcherServlet'
2017-05-17 19:21:23.852  INFO 9780 --- [http-nio-8080-exec-1] o.s.web.servlet.DispatcherServlet        : FrameworkServlet 'dispatcherServlet': initialization started
2017-05-17 19:21:23.918  INFO 9780 --- [http-nio-8080-exec-1] o.s.web.servlet.DispatcherServlet        : FrameworkServlet 'dispatcherServlet': initialization completed in 61 ms
2017-05-17 19:22:28.175  INFO 9780 --- [http-nio-8080-exec-2] org.mongodb.driver.connection            : Opened connection [connectionId{localValue:2, serverValue:6}] to localhost:27017
2017-05-17 19:29:43.466  INFO 3684 --- [main] com.neil.medical.MedicalMatching         : Starting MedicalMatching v0.1.0-SNAPSHOT on SSC1-W419 with PID 3684 (D:\project\meidcal\install\medical.jar started by nhu in D:\project\meidcal\install)
2017-05-17 19:29:43.898 DEBUG 3684 --- [main] com.neil.medical.MedicalMatching         : Running with Spring Boot v1.5.2.RELEASE, Spring v4.3.7.RELEASE
2017-05-17 19:29:43.997  INFO 3684 --- [main] com.neil.medical.MedicalMatching         : No active profile set, falling back to default profiles: default
2017-05-17 19:29:44.326  INFO 3684 --- [main] ationConfigEmbeddedWebApplicationContext : Refreshing org.springframework.boot.context.embedded.AnnotationConfigEmbeddedWebApplicationContext@30946e09: startup date [Wed May 17 19:29:44 CST 2017]; root of context hierarchy
2017-05-17 19:29:46.699  INFO 3684 --- [main] o.s.i.config.IntegrationRegistrar        : No bean named 'integrationHeaderChannelRegistry' has been explicitly defined. Therefore, a default DefaultHeaderChannelRegistry will be created.
2017-05-17 19:29:48.616  INFO 3684 --- [main] faultConfiguringBeanFactoryPostProcessor : No bean named 'errorChannel' has been explicitly defined. Therefore, a default PublishSubscribeChannel will be created.
2017-05-17 19:29:48.631  INFO 3684 --- [main] faultConfiguringBeanFactoryPostProcessor : No bean named 'taskScheduler' has been explicitly defined. Therefore, a default ThreadPoolTaskScheduler will be created.
2017-05-17 19:29:49.422  INFO 3684 --- [main] trationDelegate$BeanPostProcessorChecker : Bean 'org.springframework.ws.config.annotation.DelegatingWsConfiguration' of type [org.springframework.ws.config.annotation.DelegatingWsConfiguration$$EnhancerBySpringCGLIB$$97483d5b] is not eligible for getting processed by all BeanPostProcessors (for example: not eligible for auto-proxying)
2017-05-17 19:29:49.532  INFO 3684 --- [main] .w.s.a.s.AnnotationActionEndpointMapping : Supporting [WS-Addressing August 2004, WS-Addressing 1.0]
2017-05-17 19:29:49.742  INFO 3684 --- [main] trationDelegate$BeanPostProcessorChecker : Bean 'integrationGlobalProperties' of type [org.springframework.beans.factory.config.PropertiesFactoryBean] is not eligible for getting processed by all BeanPostProcessors (for example: not eligible for auto-proxying)
2017-05-17 19:29:49.847  INFO 3684 --- [main] trationDelegate$BeanPostProcessorChecker : Bean 'integrationGlobalProperties' of type [java.util.Properties] is not eligible for getting processed by all BeanPostProcessors (for example: not eligible for auto-proxying)
2017-05-17 19:29:51.536  INFO 3684 --- [main] s.b.c.e.t.TomcatEmbeddedServletContainer : Tomcat initialized with port(s): 8080 (http)
2017-05-17 19:29:51.561  INFO 3684 --- [main] o.apache.catalina.core.StandardService   : Starting service Tomcat
2017-05-17 19:29:51.574  INFO 3684 --- [main] org.apache.catalina.core.StandardEngine  : Starting Servlet Engine: Apache Tomcat/8.5.11
2017-05-17 19:29:52.053  INFO 3684 --- [localhost-startStop-1] o.a.c.c.C.[Tomcat].[localhost].[/]       : Initializing Spring embedded WebApplicationContext
2017-05-17 19:29:52.115  INFO 3684 --- [localhost-startStop-1] o.s.web.context.ContextLoader            : Root WebApplicationContext: initialization completed in 7796 ms
2017-05-17 19:29:52.938  INFO 3684 --- [localhost-startStop-1] o.s.b.w.servlet.ServletRegistrationBean  : Mapping servlet: 'dispatcherServlet' to [/]
2017-05-17 19:29:52.945  INFO 3684 --- [localhost-startStop-1] o.s.b.w.servlet.ServletRegistrationBean  : Mapping servlet: 'messageDispatcherServlet' to [/services/*]
2017-05-17 19:29:52.961  INFO 3684 --- [localhost-startStop-1] o.s.b.w.servlet.FilterRegistrationBean   : Mapping filter: 'characterEncodingFilter' to: [/*]
2017-05-17 19:29:52.964  INFO 3684 --- [localhost-startStop-1] o.s.b.w.servlet.FilterRegistrationBean   : Mapping filter: 'hiddenHttpMethodFilter' to: [/*]
2017-05-17 19:29:52.975  INFO 3684 --- [localhost-startStop-1] o.s.b.w.servlet.FilterRegistrationBean   : Mapping filter: 'httpPutFormContentFilter' to: [/*]
2017-05-17 19:29:52.982  INFO 3684 --- [localhost-startStop-1] o.s.b.w.servlet.FilterRegistrationBean   : Mapping filter: 'requestContextFilter' to: [/*]
2017-05-17 19:29:56.109  INFO 3684 --- [main] org.mongodb.driver.cluster               : Cluster created with settings {hosts=[localhost:27017], mode=SINGLE, requiredClusterType=UNKNOWN, serverSelectionTimeout='30000 ms', maxWaitQueueSize=500}
2017-05-17 19:29:56.998  INFO 3684 --- [cluster-ClusterId{value='591c3434ecee330e6494d937', description='null'}-localhost:27017] org.mongodb.driver.connection            : Opened connection [connectionId{localValue:1, serverValue:11}] to localhost:27017
2017-05-17 19:29:57.085  INFO 3684 --- [cluster-ClusterId{value='591c3434ecee330e6494d937', description='null'}-localhost:27017] org.mongodb.driver.cluster               : Monitor thread successfully connected to server with description ServerDescription{address=localhost:27017, type=STANDALONE, state=CONNECTED, ok=true, version=ServerVersion{versionList=[3, 4, 3]}, minWireVersion=0, maxWireVersion=5, maxDocumentSize=16777216, roundTripTimeNanos=80092843}
2017-05-17 19:29:57.956  INFO 3684 --- [main] o.s.s.c.ThreadPoolTaskScheduler          : Initializing ExecutorService  'taskScheduler'
2017-05-17 19:29:58.564  INFO 3684 --- [main] s.w.s.m.m.a.RequestMappingHandlerAdapter : Looking for @ControllerAdvice: org.springframework.boot.context.embedded.AnnotationConfigEmbeddedWebApplicationContext@30946e09: startup date [Wed May 17 19:29:44 CST 2017]; root of context hierarchy
2017-05-17 19:29:58.718  INFO 3684 --- [main] s.w.s.m.m.a.RequestMappingHandlerMapping : Mapped "{[/login],methods=[POST]}" onto public com.alibaba.fastjson.JSONObject com.neil.medical.controller.LoginController.login(com.alibaba.fastjson.JSONObject)
2017-05-17 19:29:58.733  INFO 3684 --- [main] s.w.s.m.m.a.RequestMappingHandlerMapping : Mapped "{[/]}" onto public org.springframework.web.servlet.ModelAndView com.neil.medical.controller.MedicalController.home()
2017-05-17 19:29:58.738  INFO 3684 --- [main] s.w.s.m.m.a.RequestMappingHandlerMapping : Mapped "{[/medicals],methods=[POST]}" onto public com.alibaba.fastjson.JSONObject com.neil.medical.controller.MedicalController.medicalInbound(com.neil.medical.pojo.MedicalList)
2017-05-17 19:29:58.740  INFO 3684 --- [main] s.w.s.m.m.a.RequestMappingHandlerMapping : Mapped "{[/medicals/outbound/{code}/{timespan}]}" onto public java.util.List<com.alibaba.fastjson.JSONObject> com.neil.medical.controller.MedicalController.outboundRecords(java.lang.String,java.lang.String)
2017-05-17 19:29:58.741  INFO 3684 --- [main] s.w.s.m.m.a.RequestMappingHandlerMapping : Mapped "{[/medicals/inbound/{code}/{timespan}]}" onto public java.util.List<com.alibaba.fastjson.JSONObject> com.neil.medical.controller.MedicalController.inboundRecords(java.lang.String,java.lang.String)
2017-05-17 19:29:58.744  INFO 3684 --- [main] s.w.s.m.m.a.RequestMappingHandlerMapping : Mapped "{[/medicals],methods=[GET]}" onto public com.neil.medical.pojo.MedicalList com.neil.medical.controller.MedicalController.medicals()
2017-05-17 19:29:58.753  INFO 3684 --- [main] s.w.s.m.m.a.RequestMappingHandlerMapping : Mapped "{[/intake/miss],methods=[POST]}" onto public com.alibaba.fastjson.JSONObject com.neil.medical.controller.PrisonIntakeController.updateCheckedRecords(com.alibaba.fastjson.JSONArray)
2017-05-17 19:29:58.756  INFO 3684 --- [main] s.w.s.m.m.a.RequestMappingHandlerMapping : Mapped "{[/intake/miss]}" onto public java.util.List<com.alibaba.fastjson.JSONObject> com.neil.medical.controller.PrisonIntakeController.findMissIntakeRecording()
2017-05-17 19:29:58.758  INFO 3684 --- [main] s.w.s.m.m.a.RequestMappingHandlerMapping : Mapped "{[/inmate/intake/{code}],methods=[POST]}" onto public com.alibaba.fastjson.JSONObject com.neil.medical.controller.PrisonIntakeController.inmateMedicalIntake(java.lang.String,java.util.List<com.alibaba.fastjson.JSONObject>)
2017-05-17 19:29:58.761  INFO 3684 --- [main] s.w.s.m.m.a.RequestMappingHandlerMapping : Mapped "{[/intake/{code}/{timespan}]}" onto public java.util.List<com.alibaba.fastjson.JSONObject> com.neil.medical.controller.PrisonIntakeController.findIntakeRecording(java.lang.String,java.lang.String)
2017-05-17 19:29:58.769  INFO 3684 --- [main] s.w.s.m.m.a.RequestMappingHandlerMapping : Mapped "{[/inmate/medical/{code}],methods=[GET]}" onto public java.util.List<com.alibaba.fastjson.JSONObject> com.neil.medical.controller.PrisonMedicalController.getPrisonMedicalInfo(java.lang.String)
2017-05-17 19:29:58.773  INFO 3684 --- [main] s.w.s.m.m.a.RequestMappingHandlerMapping : Mapped "{[/inmate/medical],methods=[POST]}" onto public com.alibaba.fastjson.JSONObject com.neil.medical.controller.PrisonMedicalController.inmateMedicalInfo(java.util.List<com.neil.medical.pojo.PrisonMedicalInfo>)
2017-05-17 19:29:58.786  INFO 3684 --- [main] s.w.s.m.m.a.RequestMappingHandlerMapping : Mapped "{[/error]}" onto public org.springframework.http.ResponseEntity<java.util.Map<java.lang.String, java.lang.Object>> org.springframework.boot.autoconfigure.web.BasicErrorController.error(javax.servlet.http.HttpServletRequest)
2017-05-17 19:29:58.788  INFO 3684 --- [main] s.w.s.m.m.a.RequestMappingHandlerMapping : Mapped "{[/error],produces=[text/html]}" onto public org.springframework.web.servlet.ModelAndView org.springframework.boot.autoconfigure.web.BasicErrorController.errorHtml(javax.servlet.http.HttpServletRequest,javax.servlet.http.HttpServletResponse)
2017-05-17 19:29:58.850  INFO 3684 --- [main] o.s.w.s.handler.SimpleUrlHandlerMapping  : Mapped URL path [/img/head/*.png] onto handler of type [class org.springframework.web.servlet.resource.ResourceHttpRequestHandler]
2017-05-17 19:29:58.853  INFO 3684 --- [main] o.s.w.s.handler.SimpleUrlHandlerMapping  : Mapped URL path [/webjars/**] onto handler of type [class org.springframework.web.servlet.resource.ResourceHttpRequestHandler]
2017-05-17 19:29:58.854  INFO 3684 --- [main] o.s.w.s.handler.SimpleUrlHandlerMapping  : Mapped URL path [/**] onto handler of type [class org.springframework.web.servlet.resource.ResourceHttpRequestHandler]
2017-05-17 19:29:58.934  INFO 3684 --- [main] o.s.w.s.handler.SimpleUrlHandlerMapping  : Mapped URL path [/**/favicon.ico] onto handler of type [class org.springframework.web.servlet.resource.ResourceHttpRequestHandler]
2017-05-17 19:29:58.981  INFO 3684 --- [main] oConfiguration$WelcomePageHandlerMapping : Adding welcome page: class path resource [static/index.html]
2017-05-17 19:29:59.649  INFO 3684 --- [main] o.s.j.e.a.AnnotationMBeanExporter        : Registering beans for JMX exposure on startup
2017-05-17 19:29:59.692  INFO 3684 --- [main] o.s.c.support.DefaultLifecycleProcessor  : Starting beans in phase -2147483648
2017-05-17 19:29:59.703  INFO 3684 --- [main] o.s.i.endpoint.EventDrivenConsumer       : Adding {transformer:videoRename.fileToStringTransformer.transformer} as a subscriber to the 'fileInputChannel' channel
2017-05-17 19:29:59.713  INFO 3684 --- [main] o.s.integration.channel.DirectChannel    : Channel 'application.fileInputChannel' has 1 subscriber(s).
2017-05-17 19:29:59.723  INFO 3684 --- [main] o.s.i.endpoint.EventDrivenConsumer       : started videoRename.fileToStringTransformer.transformer
2017-05-17 19:29:59.728  INFO 3684 --- [main] o.s.i.endpoint.EventDrivenConsumer       : Adding {message-handler:videoRename.fileWritingMessageHandler.serviceActivator} as a subscriber to the 'processFileChannel' channel
2017-05-17 19:29:59.732  INFO 3684 --- [main] o.s.integration.channel.DirectChannel    : Channel 'application.processFileChannel' has 1 subscriber(s).
2017-05-17 19:29:59.739  INFO 3684 --- [main] o.s.i.endpoint.EventDrivenConsumer       : started videoRename.fileWritingMessageHandler.serviceActivator
2017-05-17 19:29:59.744  INFO 3684 --- [main] o.s.c.support.DefaultLifecycleProcessor  : Starting beans in phase 0
2017-05-17 19:29:59.759  INFO 3684 --- [main] o.s.i.endpoint.EventDrivenConsumer       : Adding {logging-channel-adapter:_org.springframework.integration.errorLogger} as a subscriber to the 'errorChannel' channel
2017-05-17 19:29:59.762  INFO 3684 --- [main] o.s.i.channel.PublishSubscribeChannel    : Channel 'application.errorChannel' has 1 subscriber(s).
2017-05-17 19:29:59.770  INFO 3684 --- [main] o.s.i.endpoint.EventDrivenConsumer       : started _org.springframework.integration.errorLogger
2017-05-17 19:29:59.792  INFO 3684 --- [main] o.s.i.e.SourcePollingChannelAdapter      : started videoRename.fileReadingMessageSource.inboundChannelAdapter
2017-05-17 19:29:59.922  INFO 3684 --- [main] s.b.c.e.t.TomcatEmbeddedServletContainer : Tomcat started on port(s): 8080 (http)
2017-05-17 19:29:59.942  INFO 3684 --- [main] com.neil.medical.MedicalMatching         : Started MedicalMatching in 19.761 seconds (JVM running for 21.935)
2017-05-17 19:30:06.735  INFO 3684 --- [http-nio-8080-exec-1] o.a.c.c.C.[Tomcat].[localhost].[/]       : Initializing Spring FrameworkServlet 'dispatcherServlet'
2017-05-17 19:30:06.736  INFO 3684 --- [http-nio-8080-exec-1] o.s.web.servlet.DispatcherServlet        : FrameworkServlet 'dispatcherServlet': initialization started
2017-05-17 19:30:06.786  INFO 3684 --- [http-nio-8080-exec-1] o.s.web.servlet.DispatcherServlet        : FrameworkServlet 'dispatcherServlet': initialization completed in 47 ms
2017-05-17 19:30:06.972  INFO 3684 --- [http-nio-8080-exec-1] org.mongodb.driver.connection            : Opened connection [connectionId{localValue:2, serverValue:12}] to localhost:27017
2017-05-17 19:31:29.848  INFO 3684 --- [task-scheduler-7] o.s.i.file.FileReadingMessageSource      : Created message: [GenericMessage [payload=D:\common-test\img\head\recording.webm, headers={id=2ae7be82-44bf-7695-e674-3c77247be964, timestamp=1495020689847}]]
2017-05-17 19:38:59.297  INFO 3684 --- [http-nio-8080-exec-2] org.mongodb.driver.connection            : Opened connection [connectionId{localValue:3, serverValue:13}] to localhost:27017
2017-05-17 20:00:00.002  INFO 3684 --- [task-scheduler-4] c.n.m.service.ScheduledMedicalTakenExam  : exam medical intake
2017-05-17 20:08:20.421  INFO 3684 --- [task-scheduler-6] o.s.i.file.FileReadingMessageSource      : Created message: [GenericMessage [payload=D:\common-test\img\head\recording.webm, headers={id=926b388f-73c3-e922-e9dc-6b968d697c7d, timestamp=1495022900421}]]
